[debug] [2018-08-13T09:55:21.172Z] ----------------------------------------------------------------------
[debug] [2018-08-13T09:55:21.175Z] Command:       /usr/local/bin/node /usr/local/bin/firebase deploy --only functions
[debug] [2018-08-13T09:55:21.176Z] CLI Version:   4.0.3
[debug] [2018-08-13T09:55:21.176Z] Platform:      darwin
[debug] [2018-08-13T09:55:21.176Z] Node Version:  v8.11.3
[debug] [2018-08-13T09:55:21.177Z] Time:          Mon Aug 13 2018 15:25:21 GMT+0530 (IST)
[debug] [2018-08-13T09:55:21.177Z] ----------------------------------------------------------------------
[debug] 
[debug] [2018-08-13T09:55:21.202Z] > command requires scopes: ["email","openid","https://www.googleapis.com/auth/cloudplatformprojects.readonly","https://www.googleapis.com/auth/firebase","https://www.googleapis.com/auth/cloud-platform"]
[debug] [2018-08-13T09:55:21.203Z] > authorizing via signed-in user
[debug] [2018-08-13T09:55:21.206Z] > refreshing access token with scopes: ["email","https://www.googleapis.com/auth/cloud-platform","https://www.googleapis.com/auth/cloudplatformprojects.readonly","https://www.googleapis.com/auth/firebase","openid"]
[debug] [2018-08-13T09:55:21.207Z] >>> HTTP REQUEST POST https://www.googleapis.com/oauth2/v3/token  
 { refresh_token: '1/DclhgbDtpkp8lUmQBeUTUT652NOW47f9VgnT5-xG2Wk',
  client_id: '563584335869-fgrhgmd47bqnekij5i8b5pr03ho849e6.apps.googleusercontent.com',
  client_secret: 'j9iVZfS8kkCEFUPaAeJV0sAi',
  grant_type: 'refresh_token',
  scope: 'email https://www.googleapis.com/auth/cloud-platform https://www.googleapis.com/auth/cloudplatformprojects.readonly https://www.googleapis.com/auth/firebase openid' } 
 Mon Aug 13 2018 15:25:21 GMT+0530 (IST)
[debug] [2018-08-13T10:01:54.799Z] ----------------------------------------------------------------------
[debug] [2018-08-13T10:01:54.801Z] Command:       /usr/local/bin/node /usr/local/bin/firebase deploy --only functions
[debug] [2018-08-13T10:01:54.801Z] CLI Version:   4.0.3
[debug] [2018-08-13T10:01:54.801Z] Platform:      darwin
[debug] [2018-08-13T10:01:54.801Z] Node Version:  v8.11.3
[debug] [2018-08-13T10:01:54.802Z] Time:          Mon Aug 13 2018 15:31:54 GMT+0530 (IST)
[debug] [2018-08-13T10:01:54.802Z] ----------------------------------------------------------------------
[debug] 
[debug] [2018-08-13T10:01:54.816Z] > command requires scopes: ["email","openid","https://www.googleapis.com/auth/cloudplatformprojects.readonly","https://www.googleapis.com/auth/firebase","https://www.googleapis.com/auth/cloud-platform"]
[debug] [2018-08-13T10:01:54.816Z] > authorizing via signed-in user
[debug] [2018-08-13T10:01:54.818Z] > refreshing access token with scopes: ["email","https://www.googleapis.com/auth/cloud-platform","https://www.googleapis.com/auth/cloudplatformprojects.readonly","https://www.googleapis.com/auth/firebase","openid"]
[debug] [2018-08-13T10:01:54.819Z] >>> HTTP REQUEST POST https://www.googleapis.com/oauth2/v3/token  
 { refresh_token: '1/DclhgbDtpkp8lUmQBeUTUT652NOW47f9VgnT5-xG2Wk',
  client_id: '563584335869-fgrhgmd47bqnekij5i8b5pr03ho849e6.apps.googleusercontent.com',
  client_secret: 'j9iVZfS8kkCEFUPaAeJV0sAi',
  grant_type: 'refresh_token',
  scope: 'email https://www.googleapis.com/auth/cloud-platform https://www.googleapis.com/auth/cloudplatformprojects.readonly https://www.googleapis.com/auth/firebase openid' } 
 Mon Aug 13 2018 15:31:54 GMT+0530 (IST)
[debug] [2018-08-13T10:01:55.696Z] <<< HTTP RESPONSE 200
[debug] [2018-08-13T10:01:55.704Z] >>> HTTP REQUEST GET https://admin.firebase.com/v1/projects/angulartodo-af85b  
  
 Mon Aug 13 2018 15:31:55 GMT+0530 (IST)
[debug] [2018-08-13T10:01:57.043Z] <<< HTTP RESPONSE 200
[debug] [2018-08-13T10:01:57.043Z] >>> HTTP REQUEST GET https://admin.firebase.com/v1/database/angulartodo-af85b/tokens  
  
 Mon Aug 13 2018 15:31:57 GMT+0530 (IST)
[debug] [2018-08-13T10:01:58.137Z] <<< HTTP RESPONSE 200
[debug] [2018-08-13T10:02:11.142Z] ----------------------------------------------------------------------
[debug] [2018-08-13T10:02:11.145Z] Command:       /usr/local/bin/node /usr/local/bin/firebase deploy --only functions
[debug] [2018-08-13T10:02:11.145Z] CLI Version:   4.0.3
[debug] [2018-08-13T10:02:11.145Z] Platform:      darwin
[debug] [2018-08-13T10:02:11.145Z] Node Version:  v8.11.3
[debug] [2018-08-13T10:02:11.146Z] Time:          Mon Aug 13 2018 15:32:11 GMT+0530 (IST)
[debug] [2018-08-13T10:02:11.146Z] ----------------------------------------------------------------------
[debug] 
[debug] [2018-08-13T10:02:11.159Z] > command requires scopes: ["email","openid","https://www.googleapis.com/auth/cloudplatformprojects.readonly","https://www.googleapis.com/auth/firebase","https://www.googleapis.com/auth/cloud-platform"]
[debug] [2018-08-13T10:02:11.159Z] > authorizing via signed-in user
[debug] [2018-08-13T10:02:11.161Z] >>> HTTP REQUEST GET https://admin.firebase.com/v1/projects/angulartodo-af85b  
  
 Mon Aug 13 2018 15:32:11 GMT+0530 (IST)
[debug] [2018-08-13T10:02:12.454Z] <<< HTTP RESPONSE 200
[debug] [2018-08-13T10:02:12.455Z] >>> HTTP REQUEST GET https://admin.firebase.com/v1/database/angulartodo-af85b/tokens  
  
 Mon Aug 13 2018 15:32:12 GMT+0530 (IST)
[debug] [2018-08-13T10:02:13.492Z] <<< HTTP RESPONSE 200
[info] 
[info] === Deploying to 'angulartodo-af85b'...
[info] 
[info] i  deploying functions
[info] Running command: npm --prefix "$RESOURCE_DIR" run lint
[info] ✔  functions: Finished running predeploy script.
[debug] [2018-08-13T10:02:19.096Z] > [functions] package.json contents: {
  "name": "functions",
  "description": "Cloud Functions for Firebase",
  "scripts": {
    "lint": "eslint .",
    "serve": "firebase serve --only functions",
    "shell": "firebase functions:shell",
    "start": "npm run shell",
    "deploy": "firebase deploy --only functions",
    "logs": "firebase functions:log"
  },
  "dependencies": {
    "firebase-admin": "~5.13.0",
    "firebase-functions": "^2.0.0"
  },
  "devDependencies": {
    "eslint": "^4.12.0",
    "eslint-plugin-promise": "^3.6.0"
  },
  "private": true
}
[info] i  functions: ensuring necessary APIs are enabled...
[debug] [2018-08-13T10:02:19.097Z] >>> HTTP REQUEST GET https://servicemanagement.googleapis.com/v1/services/cloudfunctions.googleapis.com/projectSettings/angulartodo-af85b?view=CONSUMER_VIEW  
  
 Mon Aug 13 2018 15:32:19 GMT+0530 (IST)
[debug] [2018-08-13T10:02:19.098Z] >>> HTTP REQUEST GET https://servicemanagement.googleapis.com/v1/services/runtimeconfig.googleapis.com/projectSettings/angulartodo-af85b?view=CONSUMER_VIEW  
  
 Mon Aug 13 2018 15:32:19 GMT+0530 (IST)
[debug] [2018-08-13T10:02:21.603Z] <<< HTTP RESPONSE 200
[debug] [2018-08-13T10:02:21.798Z] <<< HTTP RESPONSE 200
[info] ✔  functions: all necessary APIs are enabled
[debug] [2018-08-13T10:02:21.799Z] >>> HTTP REQUEST GET https://cloudresourcemanager.googleapis.com/v1/projects/angulartodo-af85b  
  
 Mon Aug 13 2018 15:32:21 GMT+0530 (IST)
[debug] [2018-08-13T10:02:23.646Z] <<< HTTP RESPONSE 200
[debug] [2018-08-13T10:02:23.647Z] >>> HTTP REQUEST GET https://mobilesdk-pa.googleapis.com/v1/projects/258304393244:getServerAppConfig  
  
 Mon Aug 13 2018 15:32:23 GMT+0530 (IST)
[debug] [2018-08-13T10:02:24.423Z] <<< HTTP RESPONSE 200
[info] i  functions: preparing functions directory for uploading...
[debug] [2018-08-13T10:02:24.426Z] >>> HTTP REQUEST GET https://runtimeconfig.googleapis.com/v1beta1/projects/angulartodo-af85b/configs  
  
 Mon Aug 13 2018 15:32:24 GMT+0530 (IST)
[debug] [2018-08-13T10:02:25.793Z] <<< HTTP RESPONSE 200
[info] i  functions: packaged functions (51 KB) for uploading
[debug] [2018-08-13T10:02:26.021Z] >>> HTTP REQUEST POST https://cloudfunctions.googleapis.com/v1/projects/angulartodo-af85b/locations/us-central1/functions:generateUploadUrl  
  
 Mon Aug 13 2018 15:32:26 GMT+0530 (IST)
[debug] [2018-08-13T10:02:27.054Z] <<< HTTP RESPONSE 200
[debug] [2018-08-13T10:02:27.055Z] >>> HTTP REQUEST PUT https://storage.googleapis.com/gcf-upload-us-central1-04b758d5-e1af-44e8-a942-ec94bad06075/2dde8ba9-0bb9-41df-8b00-140614d9647d.zip?GoogleAccessId=service-258304393244@gcf-admin-robot.iam.gserviceaccount.com&Expires=1534156346&Signature=qsIRqD3r%2F%2BcvK%2F7%2BLBsbqrqfjYoP18j5ykEh4Hs%2BsRarc%2F5UmmjkMj338T2lH%2FZzNWDZ2r%2BF0QbgVVPYOmLx8%2BTEZ5SbaX9sCqbjPQ%2B4hwNv4LcG0bzlmhX%2BPeU2kHALaJrvy76wrIm0bvd1Z7GnO%2FDT4M7guqNNDGjuueTUQrzIkQKk7BoA5xCnwqlVW5EvyYdpGxyNcdQPL8deqDssuaEM%2BEftEqkgRL7%2FARAD14Ekf0qiWWH%2B0YyxXkD4QNZ6LG00mqwirWr74oefj3CFCYERJjnWg2C0wSclwN4bgcUFAPAW68zsWxLlZx%2FgE8fZt4F8jcEH2qqpy%2F8%2BoFCQwA%3D%3D  
 ReadStream {
  _readableState: 
   ReadableState {
     objectMode: false,
     highWaterMark: 65536,
     buffer: BufferList { head: [Object], tail: [Object], length: 1 },
     length: 52227,
     pipes: null,
     pipesCount: 0,
     flowing: null,
     ended: true,
     endEmitted: false,
     reading: false,
     sync: false,
     needReadable: false,
     emittedReadable: true,
     readableListening: false,
     resumeScheduled: false,
     destroyed: false,
     defaultEncoding: 'utf8',
     awaitDrain: 0,
     readingMore: false,
     decoder: null,
     encoding: null },
  readable: true,
  domain: null,
  _events: { end: [Function] },
  _eventsCount: 1,
  _maxListeners: undefined,
  path: '/var/folders/86/z0v3xhn554s62ql4rqx9flfr0000gn/T/firebase-functions-1829XA7TIY4G2ytV.zip',
  fd: 19,
  flags: 'r',
  mode: 438,
  start: undefined,
  end: Infinity,
  autoClose: true,
  pos: undefined,
  bytesRead: 52227 } 
 Mon Aug 13 2018 15:32:27 GMT+0530 (IST)
[debug] [2018-08-13T10:02:32.451Z] <<< HTTP RESPONSE 200
[info] ✔  functions: functions folder uploaded successfully
[debug] [2018-08-13T10:02:32.454Z] >>> HTTP REQUEST GET https://cloudfunctions.googleapis.com/v1/projects/angulartodo-af85b/locations/-/functions  
  
 Mon Aug 13 2018 15:32:32 GMT+0530 (IST)
[debug] [2018-08-13T10:02:33.339Z] <<< HTTP RESPONSE 200
[info] i  functions: updating Node.js 6 function createUserAPI(us-central1)...
[debug] [2018-08-13T10:02:33.343Z] Trigger is:  {"httpsTrigger":{}}
[info] i  functions: updating Node.js 6 function userDetailsAPI(us-central1)...
[debug] [2018-08-13T10:02:33.343Z] Trigger is:  {"httpsTrigger":{}}
[info] i  functions: updating Node.js 6 function getTasksFromListAPI(us-central1)...
[debug] [2018-08-13T10:02:33.344Z] Trigger is:  {"httpsTrigger":{}}
[debug] [2018-08-13T10:02:33.346Z] >>> HTTP REQUEST PATCH https://cloudfunctions.googleapis.com/v1/projects/angulartodo-af85b/locations/us-central1/functions/createUserAPI 
query params: {"updateMask":"sourceUploadUrl,name,labels,httpsTrigger"} 
 { sourceUploadUrl: 'https://storage.googleapis.com/gcf-upload-us-central1-04b758d5-e1af-44e8-a942-ec94bad06075/2dde8ba9-0bb9-41df-8b00-140614d9647d.zip?GoogleAccessId=service-258304393244@gcf-admin-robot.iam.gserviceaccount.com&Expires=1534156346&Signature=qsIRqD3r%2F%2BcvK%2F7%2BLBsbqrqfjYoP18j5ykEh4Hs%2BsRarc%2F5UmmjkMj338T2lH%2FZzNWDZ2r%2BF0QbgVVPYOmLx8%2BTEZ5SbaX9sCqbjPQ%2B4hwNv4LcG0bzlmhX%2BPeU2kHALaJrvy76wrIm0bvd1Z7GnO%2FDT4M7guqNNDGjuueTUQrzIkQKk7BoA5xCnwqlVW5EvyYdpGxyNcdQPL8deqDssuaEM%2BEftEqkgRL7%2FARAD14Ekf0qiWWH%2B0YyxXkD4QNZ6LG00mqwirWr74oefj3CFCYERJjnWg2C0wSclwN4bgcUFAPAW68zsWxLlZx%2FgE8fZt4F8jcEH2qqpy%2F8%2BoFCQwA%3D%3D',
  name: 'projects/angulartodo-af85b/locations/us-central1/functions/createUserAPI',
  labels: { 'deployment-tool': 'cli-firebase' },
  httpsTrigger: {} } 
 Mon Aug 13 2018 15:32:33 GMT+0530 (IST)
[debug] [2018-08-13T10:02:33.349Z] >>> HTTP REQUEST PATCH https://cloudfunctions.googleapis.com/v1/projects/angulartodo-af85b/locations/us-central1/functions/userDetailsAPI 
query params: {"updateMask":"sourceUploadUrl,name,labels,httpsTrigger"} 
 { sourceUploadUrl: 'https://storage.googleapis.com/gcf-upload-us-central1-04b758d5-e1af-44e8-a942-ec94bad06075/2dde8ba9-0bb9-41df-8b00-140614d9647d.zip?GoogleAccessId=service-258304393244@gcf-admin-robot.iam.gserviceaccount.com&Expires=1534156346&Signature=qsIRqD3r%2F%2BcvK%2F7%2BLBsbqrqfjYoP18j5ykEh4Hs%2BsRarc%2F5UmmjkMj338T2lH%2FZzNWDZ2r%2BF0QbgVVPYOmLx8%2BTEZ5SbaX9sCqbjPQ%2B4hwNv4LcG0bzlmhX%2BPeU2kHALaJrvy76wrIm0bvd1Z7GnO%2FDT4M7guqNNDGjuueTUQrzIkQKk7BoA5xCnwqlVW5EvyYdpGxyNcdQPL8deqDssuaEM%2BEftEqkgRL7%2FARAD14Ekf0qiWWH%2B0YyxXkD4QNZ6LG00mqwirWr74oefj3CFCYERJjnWg2C0wSclwN4bgcUFAPAW68zsWxLlZx%2FgE8fZt4F8jcEH2qqpy%2F8%2BoFCQwA%3D%3D',
  name: 'projects/angulartodo-af85b/locations/us-central1/functions/userDetailsAPI',
  labels: { 'deployment-tool': 'cli-firebase' },
  httpsTrigger: {} } 
 Mon Aug 13 2018 15:32:33 GMT+0530 (IST)
[debug] [2018-08-13T10:02:33.350Z] >>> HTTP REQUEST PATCH https://cloudfunctions.googleapis.com/v1/projects/angulartodo-af85b/locations/us-central1/functions/getTasksFromListAPI 
query params: {"updateMask":"sourceUploadUrl,name,labels,httpsTrigger"} 
 { sourceUploadUrl: 'https://storage.googleapis.com/gcf-upload-us-central1-04b758d5-e1af-44e8-a942-ec94bad06075/2dde8ba9-0bb9-41df-8b00-140614d9647d.zip?GoogleAccessId=service-258304393244@gcf-admin-robot.iam.gserviceaccount.com&Expires=1534156346&Signature=qsIRqD3r%2F%2BcvK%2F7%2BLBsbqrqfjYoP18j5ykEh4Hs%2BsRarc%2F5UmmjkMj338T2lH%2FZzNWDZ2r%2BF0QbgVVPYOmLx8%2BTEZ5SbaX9sCqbjPQ%2B4hwNv4LcG0bzlmhX%2BPeU2kHALaJrvy76wrIm0bvd1Z7GnO%2FDT4M7guqNNDGjuueTUQrzIkQKk7BoA5xCnwqlVW5EvyYdpGxyNcdQPL8deqDssuaEM%2BEftEqkgRL7%2FARAD14Ekf0qiWWH%2B0YyxXkD4QNZ6LG00mqwirWr74oefj3CFCYERJjnWg2C0wSclwN4bgcUFAPAW68zsWxLlZx%2FgE8fZt4F8jcEH2qqpy%2F8%2BoFCQwA%3D%3D',
  name: 'projects/angulartodo-af85b/locations/us-central1/functions/getTasksFromListAPI',
  labels: { 'deployment-tool': 'cli-firebase' },
  httpsTrigger: {} } 
 Mon Aug 13 2018 15:32:33 GMT+0530 (IST)
[debug] [2018-08-13T10:02:34.495Z] <<< HTTP RESPONSE 200
[debug] [2018-08-13T10:02:34.587Z] <<< HTTP RESPONSE 200
[debug] [2018-08-13T10:02:35.416Z] <<< HTTP RESPONSE 200
[debug] [2018-08-13T10:02:35.418Z] >>> HTTP REQUEST GET https://cloudfunctions.googleapis.com/v1/projects/angulartodo-af85b/locations/-/functions  
  
 Mon Aug 13 2018 15:32:35 GMT+0530 (IST)
[debug] [2018-08-13T10:02:36.304Z] <<< HTTP RESPONSE 200
[debug] [2018-08-13T10:02:36.305Z] >>> HTTP REQUEST GET https://cloudfunctions.googleapis.com/v1/operations/YW5ndWxhcnRvZG8tYWY4NWIvdXMtY2VudHJhbDEvY3JlYXRlVXNlckFQSS9qRjR1dkpReW1CRQ  
  
 Mon Aug 13 2018 15:32:36 GMT+0530 (IST)
[debug] [2018-08-13T10:02:36.306Z] >>> HTTP REQUEST GET https://cloudfunctions.googleapis.com/v1/operations/YW5ndWxhcnRvZG8tYWY4NWIvdXMtY2VudHJhbDEvdXNlckRldGFpbHNBUEkvTWFZbFh1Qk5jSlk  
  
 Mon Aug 13 2018 15:32:36 GMT+0530 (IST)
[debug] [2018-08-13T10:02:36.306Z] >>> HTTP REQUEST GET https://cloudfunctions.googleapis.com/v1/operations/YW5ndWxhcnRvZG8tYWY4NWIvdXMtY2VudHJhbDEvZ2V0VGFza3NGcm9tTGlzdEFQSS9VNEI4NlhMemRrbw  
  
 Mon Aug 13 2018 15:32:36 GMT+0530 (IST)
[debug] [2018-08-13T10:02:36.843Z] <<< HTTP RESPONSE 200
[debug] [2018-08-13T10:02:37.074Z] <<< HTTP RESPONSE 200
[debug] [2018-08-13T10:02:37.108Z] <<< HTTP RESPONSE 200
[debug] [2018-08-13T10:02:38.845Z] >>> HTTP REQUEST GET https://cloudfunctions.googleapis.com/v1/operations/YW5ndWxhcnRvZG8tYWY4NWIvdXMtY2VudHJhbDEvZ2V0VGFza3NGcm9tTGlzdEFQSS9VNEI4NlhMemRrbw  
  
 Mon Aug 13 2018 15:32:38 GMT+0530 (IST)
[debug] [2018-08-13T10:02:39.075Z] >>> HTTP REQUEST GET https://cloudfunctions.googleapis.com/v1/operations/YW5ndWxhcnRvZG8tYWY4NWIvdXMtY2VudHJhbDEvdXNlckRldGFpbHNBUEkvTWFZbFh1Qk5jSlk  
  
 Mon Aug 13 2018 15:32:39 GMT+0530 (IST)
[debug] [2018-08-13T10:02:39.112Z] >>> HTTP REQUEST GET https://cloudfunctions.googleapis.com/v1/operations/YW5ndWxhcnRvZG8tYWY4NWIvdXMtY2VudHJhbDEvY3JlYXRlVXNlckFQSS9qRjR1dkpReW1CRQ  
  
 Mon Aug 13 2018 15:32:39 GMT+0530 (IST)
[debug] [2018-08-13T10:02:39.873Z] <<< HTTP RESPONSE 200
[debug] [2018-08-13T10:02:40.149Z] <<< HTTP RESPONSE 200
[debug] [2018-08-13T10:02:41.312Z] <<< HTTP RESPONSE 200
[debug] [2018-08-13T10:02:41.874Z] >>> HTTP REQUEST GET https://cloudfunctions.googleapis.com/v1/operations/YW5ndWxhcnRvZG8tYWY4NWIvdXMtY2VudHJhbDEvdXNlckRldGFpbHNBUEkvTWFZbFh1Qk5jSlk  
  
 Mon Aug 13 2018 15:32:41 GMT+0530 (IST)
[debug] [2018-08-13T10:02:42.155Z] >>> HTTP REQUEST GET https://cloudfunctions.googleapis.com/v1/operations/YW5ndWxhcnRvZG8tYWY4NWIvdXMtY2VudHJhbDEvY3JlYXRlVXNlckFQSS9qRjR1dkpReW1CRQ  
  
 Mon Aug 13 2018 15:32:42 GMT+0530 (IST)
[debug] [2018-08-13T10:02:43.318Z] >>> HTTP REQUEST GET https://cloudfunctions.googleapis.com/v1/operations/YW5ndWxhcnRvZG8tYWY4NWIvdXMtY2VudHJhbDEvZ2V0VGFza3NGcm9tTGlzdEFQSS9VNEI4NlhMemRrbw  
  
 Mon Aug 13 2018 15:32:43 GMT+0530 (IST)
[debug] [2018-08-13T10:02:55.391Z] <<< HTTP RESPONSE 200
[debug] [2018-08-13T10:02:55.739Z] [functions] failed to get status of operation: operations/YW5ndWxhcnRvZG8tYWY4NWIvdXMtY2VudHJhbDEvY3JlYXRlVXNlckFQSS9qRjR1dkpReW1CRQ
[debug] [2018-08-13T10:02:55.739Z] [functions] Server Error. socket hang up
[debug] [2018-08-13T10:02:56.259Z] [functions] failed to get status of operation: operations/YW5ndWxhcnRvZG8tYWY4NWIvdXMtY2VudHJhbDEvZ2V0VGFza3NGcm9tTGlzdEFQSS9VNEI4NlhMemRrbw
[debug] [2018-08-13T10:02:56.259Z] [functions] Server Error. read ECONNRESET
[debug] [2018-08-13T10:02:57.397Z] >>> HTTP REQUEST GET https://cloudfunctions.googleapis.com/v1/operations/YW5ndWxhcnRvZG8tYWY4NWIvdXMtY2VudHJhbDEvdXNlckRldGFpbHNBUEkvTWFZbFh1Qk5jSlk  
  
 Mon Aug 13 2018 15:32:57 GMT+0530 (IST)
